{"name": "Проверка основного функционала", "status": "broken", "statusDetails": {"message": "selenium.common.exceptions.TimeoutException: Message:", "trace": "self = <test_checking_main_functionality.TestCheckingMainFunction object at 0x00000286546435C0>\ndriver = <selenium.webdriver.firefox.webdriver.WebDriver (session=\"62512937-3d4f-47e1-9e04-1004e7165f29\")>\n\n    @allure.title('Проверка основного функционала')\n    @allure.description('Проверка перехода по  кнопке Конструктор')\n    def test_click_to_constructor(self, driver):\n        main_page = MainPage(driver)\n    \n        # ожидаем появления на странице заголовка Соберите бургер\n>       main_page.wait_for_load_home_page()\n\ntests\\test_checking_main_functionality.py:16: \n_ _ _ _ _ _ _ _ _ _ _ _ _ _ _ _ _ _ _ _ _ _ _ _ _ _ _ _ _ _ _ _ _ _ _ _ _ _ _ _ _ _ _ _ _ _ _ _ _ _ _ _ _ _ _ _ _ _ _ _ _ _ _ _ _ _ _ _ _ _ _ _ _ _ _ _ _ _ _ _ _ _ _ _ _ _ _ _ _ _\npages\\main_page.py:11: in wait_for_load_home_page\n    self.wait_for_visibility(main_page_title_locator)\npages\\base_page.py:12: in wait_for_visibility\n    WebDriverWait(self.driver, 20).until(expected_conditions.visibility_of_element_located(locator))\n_ _ _ _ _ _ _ _ _ _ _ _ _ _ _ _ _ _ _ _ _ _ _ _ _ _ _ _ _ _ _ _ _ _ _ _ _ _ _ _ _ _ _ _ _ _ _ _ _ _ _ _ _ _ _ _ _ _ _ _ _ _ _ _ _ _ _ _ _ _ _ _ _ _ _ _ _ _ _ _ _ _ _ _ _ _ _ _ _ _\n\nself = <selenium.webdriver.support.wait.WebDriverWait (session=\"62512937-3d4f-47e1-9e04-1004e7165f29\")>\nmethod = <selenium.webdriver.support.expected_conditions.visibility_of_element_located object at 0x00000286546704E0>, message = ''\n\n    def until(self, method, message=''):\n        \"\"\"Calls the method provided with the driver as an argument until the \\\n        return value is not False.\"\"\"\n        screen = None\n        stacktrace = None\n    \n        end_time = time.time() + self._timeout\n        while True:\n            try:\n                value = method(self._driver)\n                if value:\n                    return value\n            except self._ignored_exceptions as exc:\n                screen = getattr(exc, 'screen', None)\n                stacktrace = getattr(exc, 'stacktrace', None)\n            time.sleep(self._poll)\n            if time.time() > end_time:\n                break\n>       raise TimeoutException(message, screen, stacktrace)\nE       selenium.common.exceptions.TimeoutException: Message:\n\n..\\..\\..\\appdata\\local\\programs\\python\\python36\\lib\\site-packages\\selenium\\webdriver\\support\\wait.py:80: TimeoutException"}, "description": "Проверка перехода по  кнопке Конструктор", "steps": [{"name": "Ожидание загрузки главной страницы", "status": "broken", "statusDetails": {"message": "selenium.common.exceptions.TimeoutException: Message: \n\n", "trace": "  File \"c:\\users\\saya\\appdata\\local\\programs\\python\\python36\\lib\\site-packages\\allure_commons\\_allure.py\", line 192, in impl\n    return func(*a, **kw)\n  File \"C:\\Users\\Saya\\PycharmProjects\\Diplom\\Diplom_3\\pages\\main_page.py\", line 11, in wait_for_load_home_page\n    self.wait_for_visibility(main_page_title_locator)\n  File \"C:\\Users\\Saya\\PycharmProjects\\Diplom\\Diplom_3\\pages\\base_page.py\", line 12, in wait_for_visibility\n    WebDriverWait(self.driver, 20).until(expected_conditions.visibility_of_element_located(locator))\n  File \"c:\\users\\saya\\appdata\\local\\programs\\python\\python36\\lib\\site-packages\\selenium\\webdriver\\support\\wait.py\", line 80, in until\n    raise TimeoutException(message, screen, stacktrace)\n"}, "start": 1708108241288, "stop": 1708108261320}], "start": 1708108241287, "stop": 1708108261326, "uuid": "aae3d7d8-404b-4f5e-a5e2-b6a6c01413bc", "historyId": "0de0788efba0d7859e22b3b32c8e5909", "testCaseId": "0de0788efba0d7859e22b3b32c8e5909", "fullName": "tests.test_checking_main_functionality.TestCheckingMainFunction#test_click_to_constructor", "labels": [{"name": "parentSuite", "value": "tests"}, {"name": "suite", "value": "test_checking_main_functionality"}, {"name": "subSuite", "value": "TestCheckingMainFunction"}, {"name": "host", "value": "LAPTOP-OPFDUAQO"}, {"name": "thread", "value": "13980-MainThread"}, {"name": "framework", "value": "pytest"}, {"name": "language", "value": "cpython3"}, {"name": "package", "value": "tests.test_checking_main_functionality"}]}